[    0.000000] Linux version 4.15.0-211-generic (buildd@lcy02-amd64-047) (gcc version 7.5.0 (Ubuntu 7.5.0-3ubuntu1~18.04)) #222-Ubuntu SMP Tue Apr 18 18:55:06 UTC 2023 (Ubuntu 4.15.0-211.222-generic 4.15.18)
[    0.000000] Command line: BOOT_IMAGE=/boot/vmlinuz-4.15.0-211-generic root=LABEL=cloudimg-rootfs ro console=tty1 console=ttyS0
[    0.000000] KERNEL supported cpus:
[    0.000000]   Intel GenuineIntel
[    0.000000]   AMD AuthenticAMD
[    0.000000]   Centaur CentaurHauls
[    0.000000] x86/fpu: x87 FPU will use FXSAVE
[    0.000000] e820: BIOS-provided physical RAM map:
[    0.000000] BIOS-e820: [mem 0x0000000000000000-0x000000000009fbff] usable
[    0.000000] BIOS-e820: [mem 0x000000000009fc00-0x000000000009ffff] reserved
[    0.000000] BIOS-e820: [mem 0x00000000000f0000-0x00000000000fffff] reserved
[    0.000000] BIOS-e820: [mem 0x0000000000100000-0x000000003ffeffff] usable
[    0.000000] BIOS-e820: [mem 0x000000003fff0000-0x000000003fffffff] ACPI data
[    0.000000] BIOS-e820: [mem 0x00000000fec00000-0x00000000fec00fff] reserved
[    0.000000] BIOS-e820: [mem 0x00000000fee00000-0x00000000fee00fff] reserved
[    0.000000] BIOS-e820: [mem 0x00000000fffc0000-0x00000000ffffffff] reserved
[    0.000000] NX (Execute Disable) protection: active
[    0.000000] SMBIOS 2.5 present.
[    0.000000] DMI: innotek GmbH VirtualBox/VirtualBox, BIOS VirtualBox 12/01/2006
[    0.000000] Hypervisor detected: KVM
[    0.000000] e820: last_pfn = 0x3fff0 max_arch_pfn = 0x400000000
[    0.000000] MTRR: Disabled
[    0.000000] x86/PAT: MTRRs disabled, skipping PAT initialization too.
[    0.000000] CPU MTRRs all blank - virtualized system.
[    0.000000] x86/PAT: Configuration [0-7]: WB  WT  UC- UC  WB  WT  UC- UC  
[    0.000000] found SMP MP-table at [mem 0x0009fff0-0x0009ffff]
[    0.000000] Scanning 1 areas for low memory corruption
[    0.000000] RAMDISK: [mem 0x359c7000-0x36cdafff]
[    0.000000] ACPI: Early table checksum verification disabled
[    0.000000] ACPI: RSDP 0x00000000000E0000 000024 (v02 VBOX  )
[    0.000000] ACPI: XSDT 0x000000003FFF0030 00003C (v01 VBOX   VBOXXSDT 00000001 ASL  00000061)
[    0.000000] ACPI: FACP 0x000000003FFF00F0 0000F4 (v04 VBOX   VBOXFACP 00000001 ASL  00000061)
[    0.000000] ACPI: DSDT 0x000000003FFF0610 002353 (v02 VBOX   VBOXBIOS 00000002 INTL 20100528)
[    0.000000] ACPI: FACS 0x000000003FFF0200 000040
[    0.000000] ACPI: FACS 0x000000003FFF0200 000040
[    0.000000] ACPI: APIC 0x000000003FFF0240 00005C (v02 VBOX   VBOXAPIC 00000001 ASL  00000061)
[    0.000000] ACPI: SSDT 0x000000003FFF02A0 00036C (v01 VBOX   VBOXCPUT 00000002 INTL 20100528)
[    0.000000] ACPI: Reserving FACP table memory at [mem 0x3fff00f0-0x3fff01e3]
[    0.000000] ACPI: Reserving DSDT table memory at [mem 0x3fff0610-0x3fff2962]
[    0.000000] ACPI: Reserving FACS table memory at [mem 0x3fff0200-0x3fff023f]
[    0.000000] ACPI: Reserving FACS table memory at [mem 0x3fff0200-0x3fff023f]
[    0.000000] ACPI: Reserving APIC table memory at [mem 0x3fff0240-0x3fff029b]
[    0.000000] ACPI: Reserving SSDT table memory at [mem 0x3fff02a0-0x3fff060b]
[    0.000000] No NUMA configuration found
[    0.000000] Faking a node at [mem 0x0000000000000000-0x000000003ffeffff]
[    0.000000] NODE_DATA(0) allocated [mem 0x3ffc5000-0x3ffeffff]
[    0.000000] kvm-clock: cpu 0, msr 0:3ff44001, primary cpu clock
[    0.000000] kvm-clock: Using msrs 4b564d01 and 4b564d00
[    0.000000] kvm-clock: using sched offset of 4464061647 cycles
[    0.000000] clocksource: kvm-clock: mask: 0xffffffffffffffff max_cycles: 0x1cd42e4dffb, max_idle_ns: 881590591483 ns
[    0.000000] Zone ranges:
[    0.000000]   DMA      [mem 0x0000000000001000-0x0000000000ffffff]
[    0.000000]   DMA32    [mem 0x0000000001000000-0x000000003ffeffff]
[    0.000000]   Normal   empty
[    0.000000]   Device   empty
[    0.000000] Movable zone start for each node
[    0.000000] Early memory node ranges
[    0.000000]   node   0: [mem 0x0000000000001000-0x000000000009efff]
[    0.000000]   node   0: [mem 0x0000000000100000-0x000000003ffeffff]
[    0.000000] Reserved but unavailable: 104 pages
[    0.000000] Initmem setup node 0 [mem 0x0000000000001000-0x000000003ffeffff]
[    0.000000] ACPI: PM-Timer IO Port: 0x4008
[    0.000000] IOAPIC[0]: apic_id 2, version 32, address 0xfec00000, GSI 0-23
[    0.000000] ACPI: INT_SRC_OVR (bus 0 bus_irq 0 global_irq 2 dfl dfl)
[    0.000000] ACPI: INT_SRC_OVR (bus 0 bus_irq 9 global_irq 9 low level)
[    0.000000] Using ACPI (MADT) for SMP configuration information
[    0.000000] smpboot: Allowing 2 CPUs, 0 hotplug CPUs
[    0.000000] PM: Registered nosave memory: [mem 0x00000000-0x00000fff]
[    0.000000] PM: Registered nosave memory: [mem 0x0009f000-0x0009ffff]
[    0.000000] PM: Registered nosave memory: [mem 0x000a0000-0x000effff]
[    0.000000] PM: Registered nosave memory: [mem 0x000f0000-0x000fffff]
[    0.000000] e820: [mem 0x40000000-0xfebfffff] available for PCI devices
[    0.000000] Booting paravirtualized kernel on KVM
[    0.000000] clocksource: refined-jiffies: mask: 0xffffffff max_cycles: 0xffffffff, max_idle_ns: 7645519600211568 ns
[    0.000000] setup_percpu: NR_CPUS:8192 nr_cpumask_bits:2 nr_cpu_ids:2 nr_node_ids:1
[    0.000000] percpu: Embedded 50 pages/cpu s167936 r8192 d28672 u1048576
[    0.000000] PV qspinlock hash table entries: 256 (order: 0, 4096 bytes)
[    0.000000] Built 1 zonelists, mobility grouping on.  Total pages: 257913
[    0.000000] Policy zone: DMA32
[    0.000000] Kernel command line: BOOT_IMAGE=/boot/vmlinuz-4.15.0-211-generic root=LABEL=cloudimg-rootfs ro console=tty1 console=ttyS0
[    0.000000] Memory: 982636K/1048120K available (12300K kernel code, 2477K rwdata, 4324K rodata, 2480K init, 2720K bss, 65484K reserved, 0K cma-reserved)
[    0.000000] SLUB: HWalign=64, Order=0-3, MinObjects=0, CPUs=2, Nodes=1
[    0.000000] ftrace: allocating 39508 entries in 155 pages
[    0.004000] Hierarchical RCU implementation.
[    0.004000] 	RCU restricting CPUs from NR_CPUS=8192 to nr_cpu_ids=2.
[    0.004000] 	Tasks RCU enabled.
[    0.004000] RCU: Adjusting geometry for rcu_fanout_leaf=16, nr_cpu_ids=2
[    0.004000] NR_IRQS: 524544, nr_irqs: 440, preallocated irqs: 16
[    0.004000] random: crng init done
[    0.004000] Console: colour VGA+ 80x25
[    0.004000] console [tty1] enabled
[    0.004000] console [ttyS0] enabled
[    0.004000] ACPI: Core revision 20170831
[    0.004000] ACPI: 2 ACPI AML tables successfully acquired and loaded
[    0.004000] APIC: Switch to symmetric I/O mode setup
[    0.004000] ..TIMER: vector=0x30 apic1=0 pin1=2 apic2=-1 pin2=-1
[    0.004000] tsc: Detected 2592.006 MHz processor
[    0.004000] Calibrating delay loop (skipped) preset value.. 5184.01 BogoMIPS (lpj=10368024)
[    0.004005] pid_max: default: 32768 minimum: 301
[    0.008089] Security Framework initialized
[    0.012003] Yama: becoming mindful.
[    0.016099] AppArmor: AppArmor initialized
[    0.030455] Dentry cache hash table entries: 131072 (order: 8, 1048576 bytes)
[    0.036770] Inode-cache hash table entries: 65536 (order: 7, 524288 bytes)
[    0.040084] Mount-cache hash table entries: 2048 (order: 2, 16384 bytes)
[    0.044121] Mountpoint-cache hash table entries: 2048 (order: 2, 16384 bytes)
[    0.053999] Last level iTLB entries: 4KB 64, 2MB 8, 4MB 8
[    0.056004] Last level dTLB entries: 4KB 64, 2MB 0, 4MB 0, 1GB 4
[    0.060005] Spectre V1 : Mitigation: usercopy/swapgs barriers and __user pointer sanitization
[    0.064004] Spectre V2 : Mitigation: Enhanced IBRS
[    0.068003] Spectre V2 : Spectre v2 / SpectreRSB mitigation: Filling RSB on context switch
[    0.076002] Spectre V2 : Spectre v2 / PBRSB-eIBRS: Retire a single CALL on VMEXIT
[    0.080002] RETBleed: Mitigation: Enhanced IBRS
[    0.084002] Speculative Store Bypass: Vulnerable
[    0.088053] MMIO Stale Data: Vulnerable: Clear CPU buffers attempted, no microcode
[    0.092003] SRBDS: Unknown: Dependent on hypervisor status
[    0.096465] Freeing SMP alternatives memory: 36K
[    0.216784] smpboot: CPU0: Intel(R) Core(TM) i7-10750H CPU @ 2.60GHz (family: 0x6, model: 0xa5, stepping: 0x2)
[    0.220719] Performance Events: unsupported p6 CPU model 165 no PMU driver, software events only.
[    0.224248] Hierarchical SRCU implementation.
[    0.232182] NMI watchdog: Perf event create on CPU 0 failed with -2
[    0.236005] NMI watchdog: Perf NMI watchdog permanently disabled
[    0.240376] smp: Bringing up secondary CPUs ...
[    0.248357] x86: Booting SMP configuration:
[    0.252004] .... node  #0, CPUs:      #1
[    0.004000] kvm-clock: cpu 1, msr 0:3ff44041, secondary cpu clock
[    0.272000] TSC synchronization [CPU#0 -> CPU#1]:
[    0.272000] Measured 86356 cycles TSC warp between CPUs, turning off TSC clock.
[    0.272000] tsc: Marking TSC unstable due to check_tsc_sync_source failed
[    0.276429] smp: Brought up 1 node, 2 CPUs
[    0.280005] smpboot: Max logical packages: 1
[    0.284005] smpboot: Total of 2 processors activated (10368.02 BogoMIPS)
[    0.292097] devtmpfs: initialized
[    0.296125] x86/mm: Memory block size: 128MB
[    0.300544] evm: security.selinux
[    0.304003] evm: security.SMACK64
[    0.308003] evm: security.SMACK64EXEC
[    0.312003] evm: security.SMACK64TRANSMUTE
[    0.316002] evm: security.SMACK64MMAP
[    0.320002] evm: security.apparmor
[    0.324003] evm: security.ima
[    0.328003] evm: security.capability
[    0.332603] clocksource: jiffies: mask: 0xffffffff max_cycles: 0xffffffff, max_idle_ns: 7645041785100000 ns
[    0.336011] futex hash table entries: 512 (order: 3, 32768 bytes)
[    0.340350] pinctrl core: initialized pinctrl subsystem
[    0.348239] RTC time:  2:45:40, date: 06/06/23
[    0.354091] NET: Registered protocol family 16
[    0.356131] audit: initializing netlink subsys (disabled)
[    0.360332] audit: type=2000 audit(1686019546.349:1): state=initialized audit_enabled=0 res=1
[    0.376008] cpuidle: using governor ladder
[    0.380011] cpuidle: using governor menu
[    0.388015] ACPI: bus type PCI registered
[    0.392005] acpiphp: ACPI Hot Plug PCI Controller Driver version: 0.5
[    0.396726] PCI: Using configuration type 1 for base access
[    0.404461] HugeTLB registered 2.00 MiB page size, pre-allocated 0 pages
[    0.412628] ACPI: Added _OSI(Module Device)
[    0.416005] ACPI: Added _OSI(Processor Device)
[    0.420003] ACPI: Added _OSI(3.0 _SCP Extensions)
[    0.424003] ACPI: Added _OSI(Processor Aggregator Device)
[    0.428004] ACPI: Added _OSI(Linux-Dell-Video)
[    0.436010] ACPI: Added _OSI(Linux-Lenovo-NV-HDMI-Audio)
[    0.440003] ACPI: Added _OSI(Linux-HPI-Hybrid-Graphics)
[    0.444958] ACPI: Executed 1 blocks of module-level executable AML code
[    0.456974] ACPI: Interpreter enabled
[    0.460015] ACPI: (supports S0 S5)
[    0.464004] ACPI: Using IOAPIC for interrupt routing
[    0.468430] PCI: Using host bridge windows from ACPI; if necessary, use "pci=nocrs" and report a bug
[    0.472701] ACPI: Enabled 2 GPEs in block 00 to 07
[    0.491739] ACPI: PCI Root Bridge [PCI0] (domain 0000 [bus 00-ff])
[    0.492007] acpi PNP0A03:00: _OSC: OS supports [ASPM ClockPM Segments MSI]
[    0.496873] acpi PNP0A03:00: _OSC: not requesting OS control; OS requires [ExtendedConfig ASPM ClockPM MSI]
[    0.500013] acpi PNP0A03:00: fail to add MMCONFIG information, can't access extended PCI configuration space under this bridge.
[    0.504920] PCI host bridge to bus 0000:00
[    0.508006] pci_bus 0000:00: root bus resource [io  0x0000-0x0cf7 window]
[    0.512008] pci_bus 0000:00: root bus resource [io  0x0d00-0xffff window]
[    0.516007] pci_bus 0000:00: root bus resource [mem 0x000a0000-0x000bffff window]
[    0.520005] pci_bus 0000:00: root bus resource [mem 0x40000000-0xfdffffff window]
[    0.524028] pci_bus 0000:00: root bus resource [bus 00-ff]
[    0.536325] pci 0000:00:01.1: legacy IDE quirk: reg 0x10: [io  0x01f0-0x01f7]
[    0.540004] pci 0000:00:01.1: legacy IDE quirk: reg 0x14: [io  0x03f6]
[    0.544003] pci 0000:00:01.1: legacy IDE quirk: reg 0x18: [io  0x0170-0x0177]
[    0.548003] pci 0000:00:01.1: legacy IDE quirk: reg 0x1c: [io  0x0376]
[    0.576712] pci 0000:00:07.0: quirk: [io  0x4000-0x403f] claimed by PIIX4 ACPI
[    0.580061] pci 0000:00:07.0: quirk: [io  0x4100-0x410f] claimed by PIIX4 SMB
[    0.592411] ACPI: PCI Interrupt Link [LNKA] (IRQs 5 9 10 *11)
[    0.596667] ACPI: PCI Interrupt Link [LNKB] (IRQs 5 9 *10 11)
[    0.600341] ACPI: PCI Interrupt Link [LNKC] (IRQs 5 *9 10 11)
[    0.604265] ACPI: PCI Interrupt Link [LNKD] (IRQs 5 9 10 *11)
[    0.609073] SCSI subsystem initialized
[    0.612291] pci 0000:00:02.0: vgaarb: setting as boot VGA device
[    0.616000] pci 0000:00:02.0: vgaarb: VGA device added: decodes=io+mem,owns=io+mem,locks=none
[    0.616005] pci 0000:00:02.0: vgaarb: bridge control possible
[    0.620003] vgaarb: loaded
[    0.624124] ACPI: bus type USB registered
[    0.628020] usbcore: registered new interface driver usbfs
[    0.632048] usbcore: registered new interface driver hub
[    0.636014] usbcore: registered new device driver usb
[    0.640485] EDAC MC: Ver: 3.0.0
[    0.645416] PCI: Using ACPI for IRQ routing
[    0.648986] NetLabel: Initializing
[    0.652003] NetLabel:  domain hash size = 128
[    0.656003] NetLabel:  protocols = UNLABELED CIPSOv4 CALIPSO
[    0.660017] NetLabel:  unlabeled traffic allowed by default
[    0.668352] clocksource: Switched to clocksource kvm-clock
[    0.698842] VFS: Disk quotas dquot_6.6.0
[    0.698842] VFS: Dquot-cache hash table entries: 512 (order 0, 4096 bytes)
[    0.698842] AppArmor: AppArmor Filesystem Enabled
[    0.698842] pnp: PnP ACPI init
[    0.698842] pnp: PnP ACPI: found 3 devices
[    0.823191] clocksource: acpi_pm: mask: 0xffffff max_cycles: 0xffffff, max_idle_ns: 2085701024 ns
[    0.824637] NET: Registered protocol family 2
[    0.824637] IP idents hash table entries: 16384 (order: 5, 131072 bytes)
[    0.850330] TCP established hash table entries: 8192 (order: 4, 65536 bytes)
[    0.860440] TCP bind hash table entries: 8192 (order: 5, 131072 bytes)
[    0.870034] TCP: Hash tables configured (established 8192 bind 8192)
[    0.881697] UDP hash table entries: 512 (order: 2, 16384 bytes)
[    0.884655] UDP-Lite hash table entries: 512 (order: 2, 16384 bytes)
[    0.884655] NET: Registered protocol family 1
[    0.884655] pci 0000:00:00.0: Limiting direct PCI/PCI transfers
[    0.884655] pci 0000:00:01.0: Activating ISA DMA hang workarounds
[    0.884655] pci 0000:00:02.0: Video device with shadowed ROM at [mem 0x000c0000-0x000dffff]
[    0.884655] Unpacking initramfs...
[    1.597782] Freeing initrd memory: 19536K
[    1.604305] clocksource: tsc: mask: 0xffffffffffffffff max_cycles: 0x255cbc978bf, max_idle_ns: 440795251759 ns
[    1.617783] platform rtc_cmos: registered platform RTC device (no PNP device found)
[    1.629441] Scanning for low memory corruption every 60 seconds
[    1.641930] Initialise system trusted keyrings
[    1.648579] Key type blacklist registered
[    1.655359] workingset: timestamp_bits=36 max_order=18 bucket_order=0
[    1.668596] zbud: loaded
[    1.674811] squashfs: version 4.0 (2009/01/31) Phillip Lougher
[    1.685444] fuse init (API version 7.26)
[    1.719855] Key type asymmetric registered
[    1.726282] Asymmetric key parser 'x509' registered
[    1.733616] Block layer SCSI generic (bsg) driver version 0.4 loaded (major 246)
[    1.743939] io scheduler noop registered
[    1.749516] io scheduler deadline registered
[    1.756921] io scheduler cfq registered (default)
[    1.764172] ACPI: AC Adapter [AC] (off-line)
[    1.770472] input: Power Button as /devices/LNXSYSTM:00/LNXPWRBN:00/input/input0
[    1.781008] ACPI: Power Button [PWRF]
[    1.788142] input: Sleep Button as /devices/LNXSYSTM:00/LNXSLPBN:00/input/input1
[    1.798457] ACPI: Sleep Button [SLPF]
[    1.804991] Serial: 8250/16550 driver, 32 ports, IRQ sharing enabled
[    1.807610] ACPI: Battery Slot [BAT0] (battery present)
[    1.849010] 00:02: ttyS0 at I/O 0x3f8 (irq = 4, base_baud = 115200) is a 16550A
[    1.852154] Linux agpgart interface v0.103
[    1.876138] loop: module loaded
[    1.891479] scsi host0: ata_piix
[    1.897953] scsi host1: ata_piix
[    1.902983] ata1: PATA max UDMA/33 cmd 0x1f0 ctl 0x3f6 bmdma 0xd000 irq 14
[    1.912207] ata2: PATA max UDMA/33 cmd 0x170 ctl 0x376 bmdma 0xd008 irq 15
[    1.921462] tun: Universal TUN/TAP device driver, 1.6
[    1.929383] PPP generic driver version 2.4.2
[    1.938427] ehci_hcd: USB 2.0 'Enhanced' Host Controller (EHCI) Driver
[    1.948746] ehci-pci: EHCI PCI platform driver
[    1.955489] ehci-platform: EHCI generic platform driver
[    1.963910] ohci_hcd: USB 1.1 'Open' Host Controller (OHCI) Driver
[    1.972372] ohci-pci: OHCI PCI platform driver
[    1.978986] ohci-platform: OHCI generic platform driver
[    1.986595] uhci_hcd: USB Universal Host Controller Interface driver
[    1.995039] i8042: PNP: PS/2 Controller [PNP0303:PS2K,PNP0f03:PS2M] at 0x60,0x64 irq 1,12
[    2.009818] serio: i8042 KBD port at 0x60,0x64 irq 1
[    2.019711] serio: i8042 AUX port at 0x60,0x64 irq 12
[    2.029460] mousedev: PS/2 mouse device common for all mice
[    2.047177] rtc_cmos rtc_cmos: rtc core: registered rtc_cmos as rtc0
[    2.061252] rtc_cmos rtc_cmos: alarms up to one day, 114 bytes nvram
[    2.073106] input: AT Translated Set 2 keyboard as /devices/platform/i8042/serio0/input/input2
[    2.076462] i2c /dev entries driver
[    2.134622] device-mapper: uevent: version 1.0.3
[    2.144035] device-mapper: ioctl: 4.37.0-ioctl (2017-09-20) initialised: dm-devel@redhat.com
[    2.172880] ledtrig-cpu: registered to indicate activity on CPUs
[    2.182638] NET: Registered protocol family 10
[    2.202776] Segment Routing with IPv6
[    2.208498] NET: Registered protocol family 17
[    2.216128] Key type dns_resolver registered
[    2.222961] mce: Using 0 MCE banks
[    2.227568] RAS: Correctable Errors collector initialized.
[    2.234878] sched_clock: Marking stable (2234767046, 0)->(3616567553, -1381800507)
[    2.251422] registered taskstats version 1
[    2.257515] Loading compiled-in X.509 certificates
[    2.270449] Loaded X.509 cert 'Build time autogenerated kernel key: 6893c09f03d31bc6e9f3dd5a3a18faae0d596a39'
[    2.284889] Loaded X.509 cert 'Canonical Ltd. Live Patch Signing: 14df34d1a87cf37625abec039ef2bf521249b969'
[    2.298362] Loaded X.509 cert 'Canonical Ltd. Kernel Module Signing: 88f752e560a1e0737e31163a466ad7b70a850c19'
[    2.310961] blacklist: Loading compiled-in revocation X.509 certificates
[    2.322552] Loaded X.509 cert 'Canonical Ltd. Secure Boot Signing: 61482aa2830d0ab2ad5af10b7250da9033ddcef0'
[    2.336572] Loaded X.509 cert 'Canonical Ltd. Secure Boot Signing (2017): 242ade75ac4a15e50d50c84b0d45ff3eae707a03'
[    2.351003] Loaded X.509 cert 'Canonical Ltd. Secure Boot Signing (ESM 2018): 365188c1d374d6b07c3c8f240f8ef722433d6a8b'
[    2.365851] Loaded X.509 cert 'Canonical Ltd. Secure Boot Signing (2019): c0746fd6c5da3ae827864651ad66ae47fe24b3e8'
[    2.386394] Loaded X.509 cert 'Canonical Ltd. Secure Boot Signing (2021 v1): a8d54bbb3825cfb94fa13c9f8a594a195c107b8d'
[    2.402757] Loaded X.509 cert 'Canonical Ltd. Secure Boot Signing (2021 v2): 4cf046892d6fd3c9a5b03f98d845f90851dc6a8c'
[    2.416541] Loaded X.509 cert 'Canonical Ltd. Secure Boot Signing (2021 v3): 100437bb6de6e469b581e61cd66bce3ef4ed53af'
[    2.429456] Loaded X.509 cert 'Canonical Ltd. Secure Boot Signing (Ubuntu Core 2019): c1d57b8f6b743f23ee41f4f7ee292f06eecadfb9'
[    2.443358] zswap: loaded using pool lzo/zbud
[    2.465120] Key type big_key registered
[    2.471821] Key type trusted registered
[    2.483627] Key type encrypted registered
[    2.489084] AppArmor: AppArmor sha1 policy hashing enabled
[    2.496419] ima: No TPM chip found, activating TPM-bypass! (rc=-19)
[    2.505116] ima: Allocated hash algorithm: sha1
[    2.511862] evm: HMAC attrs: 0x1
[    2.517735]   Magic number: 11:893:762
[    2.523277] atkbd serio0: hash matches
[    2.530033] rtc_cmos rtc_cmos: setting system clock to 2023-06-06 02:45:43 UTC (1686019543)
[    2.542762] BIOS EDD facility v0.16 2004-Jun-25, 0 devices found
[    2.551848] EDD information not available.
[    2.562838] Freeing unused kernel image memory: 2480K
[    2.588211] Write protecting the kernel read-only data: 20480k
[    2.597597] Freeing unused kernel image memory: 2008K
[    2.605463] Freeing unused kernel image memory: 1820K
[    2.622775] x86/mm: Checked W+X mappings: passed, no W+X pages found.
Loading, please wait...
starting version 237
[    2.767502] e1000: Intel(R) PRO/1000 Network Driver - version 7.3.21-k8-NAPI
[    2.779186] e1000: Copyright (c) 1999-2006 Intel Corporation.
[    2.807358] Fusion MPT base driver 3.04.20
[    2.815062] Copyright (c) 1999-2008 LSI Corporation
[    2.834987] SSE version of gcm_enc/dec engaged.
[    2.877528] Fusion MPT SPI Host driver 3.04.20
[    3.097223] input: ImExPS/2 Generic Explorer Mouse as /devices/platform/i8042/serio1/input/input4
[    3.915698] e1000 0000:00:03.0 eth0: (PCI:33MHz:32-bit) 02:ce:cf:1b:c9:4b
[    3.923951] e1000 0000:00:03.0 eth0: Intel(R) PRO/1000 Network Connection
[    3.938084] e1000 0000:00:03.0 enp0s3: renamed from eth0
[    3.946568] mptbase: ioc0: Initiating bringup
[    4.244747] ioc0: LSI53C1030 A0: Capabilities={Initiator}
[    4.940744] scsi host2: ioc0: LSI53C1030 A0, FwRev=00000000h, Ports=1, MaxQ=256, IRQ=20
[    5.125626] scsi 2:0:0:0: Direct-Access     VBOX     HARDDISK         1.0  PQ: 0 ANSI: 5
[    5.184543] scsi target2:0:0: Beginning Domain Validation
[    5.206611] scsi target2:0:0: Domain Validation skipping write tests
[    5.215708] scsi target2:0:0: Ending Domain Validation
[    5.226404] scsi target2:0:0: asynchronous
[    5.236927] scsi 2:0:1:0: Direct-Access     VBOX     HARDDISK         1.0  PQ: 0 ANSI: 5
[    5.276292] scsi target2:0:1: Beginning Domain Validation
[    5.298319] scsi target2:0:1: Domain Validation skipping write tests
[    5.307241] scsi target2:0:1: Ending Domain Validation
[    5.315226] scsi target2:0:1: asynchronous
[    5.351678] sd 2:0:0:0: Attached scsi generic sg0 type 0
[    5.354165] sd 2:0:0:0: [sda] 83886080 512-byte logical blocks: (42.9 GB/40.0 GiB)
[    5.366268] sd 2:0:1:0: Attached scsi generic sg1 type 0
[    5.383011] sd 2:0:0:0: [sda] Write Protect is off
[    5.402100] sd 2:0:0:0: [sda] Incomplete mode parameter data
[    5.402209] sd 2:0:1:0: [sdb] 20480 512-byte logical blocks: (10.5 MB/10.0 MiB)
[    5.416863] sd 2:0:0:0: [sda] Assuming drive cache: write through
[    5.446313] sd 2:0:1:0: [sdb] Write Protect is off
[    5.456368] sd 2:0:1:0: [sdb] Incomplete mode parameter data
[    5.467641] sd 2:0:1:0: [sdb] Assuming drive cache: write through
[    5.478280]  sda: sda1
[    5.487771] sd 2:0:0:0: [sda] Attached SCSI disk
[    5.502670] sd 2:0:1:0: [sdb] Attached SCSI disk
Begin: Loading essential drivers ... [   22.834038] raid6: sse2x1   gen() 3458128 MB/s
[   23.844821] raid6: sse2x1   xor() 123813 MB/s
[   23.916510] raid6: sse2x2   gen() 12940 MB/s
[   23.976966] raid6: sse2x2   xor()  9632 MB/s
[   24.048206] raid6: sse2x4   gen() 15722 MB/s
[   24.100400] raid6: sse2x4   xor()  7449 MB/s
[   24.112643] raid6: using algorithm sse2x1 gen() 3458128 MB/s
[   24.124624] raid6: .... xor() 123813 MB/s, rmw enabled
[   24.135459] raid6: using ssse3x2 recovery algorithm
[   24.148900] xor: measuring software checksum speed
[   24.196507]    prefetch64-sse: 15232.000 MB/sec
[   24.240739]    generic_sse: 17562.000 MB/sec
[   24.247250] xor: using function: generic_sse (17562.000 MB/sec)
[   24.260348] async_tx: api initialized (async)
done.
Begin: Running /scripts/init-premount ... done.
Begin: Mounting root file system ... Begin: Running /scripts/local-top ... done.
Begin: Running /scripts/local-premount ... [   24.359169] Btrfs loaded, crc32c=crc32c-intel
Scanning for Btrfs filesystems
done.
Warning: fsck not present, so skipping root file system
[   24.469397] EXT4-fs (sda1): mounted filesystem with ordered data mode. Opts: (null)
done.
Begin: Running /scripts/local-bottom ... done.
Begin: Running /scripts/init-bottom ... done.
[   24.889082] ip_tables: (C) 2000-2006 Netfilter Core Team
[   24.931015] systemd[1]: systemd 237 running in system mode. (+PAM +AUDIT +SELINUX +IMA +APPARMOR +SMACK +SYSVINIT +UTMP +LIBCRYPTSETUP +GCRYPT +GNUTLS +ACL +XZ +LZ4 +SECCOMP +BLKID +ELFUTILS +KMOD -IDN2 +IDN -PCRE2 default-hierarchy=hybrid)
[   24.959817] systemd[1]: Detected virtualization oracle.
[   24.967963] systemd[1]: Detected architecture x86-64.

Welcome to [1mUbuntu 18.04.6 LTS[0m!

[   25.019832] systemd[1]: Set hostname to <ubuntu>.
[   25.040644] systemd[1]: Initializing machine ID from random generator.
[   25.050209] systemd[1]: Installed transient /etc/machine-id file.
[   25.651188] systemd[1]: Reached target Mounting snaps.
[[0;32m  OK  [0m] Reached target Mounting snaps.
[   25.664940] systemd[1]: Reached target User and Group Name Lookups.
[[0;32m  OK  [0m] Reached target User and Group Name Lookups.
[   25.699503] systemd[1]: Created slice System Slice.
[[0;32m  OK  [0m] Created slice System Slice.
[   25.712110] systemd[1]: Listening on udev Kernel Socket.
[[0;32m  OK  [0m] Listening on udev Kernel Socket.
[[0;32m  OK  [0m] Listening on LVM2 poll daemon socket.
[[0;32m  OK  [0m] Listening on Journal Socket (/dev/log).
[[0;32m  OK  [0m] Listening on Journal Audit Socket.
[[0;32m  OK  [0m] Listening on Journal Socket.
         Mounting POSIX Message Queue File System...
         Starting Uncomplicated firewall...
         Mounting Huge Pages File System...
         Starting Create list of required st…ce nodes for the current kernel...
[[0;32m  OK  [0m] Listening on fsck to fsckd communication Socket.
         Starting File System Check on Root Device...
[[0;32m  OK  [0m] Listening on udev Control Socket.
         Mounting Kernel Debug File System...
[[0;32m  OK  [0m] Listening on Syslog Socket.
         Starting Journal Service...
[[0;32m  OK  [0m] Listening on LVM2 metadata daemon socket.
[[0;32m  OK  [0m] Created slice system-serial\x2dgetty.slice.
[[0;32m  OK  [0m] Reached target System Time Synchronized.
[[0;32m  OK  [0m] Started Forward Password Requests to Wall Directory Watch.
[[0;32m  OK  [0m] Reached target Swap.
[[0;32m  OK  [0m] Listening on Device-mapper event daemon FIFOs.
         Starting Monitoring of LVM2 mirrors…ng dmeventd or progress polling...
[[0;32m  OK  [0m] Listening on Network Service Netlink Socket.
[[0;32m  OK  [0m] Set up automount Arbitrary Executab…rmats File System Automount Point.
         Starting Load Kernel Modules...
[[0;32m  OK  [0m] Created slice User and Session Slice.
[[0;32m  OK  [0m] Reached target Slices.
         Starting udev Coldplug all Devices...
[[0;32m  OK  [0m] Listening on /dev/initctl Compatibility Named Pipe.
         Starting Set the console keyboard layout...
[[0;32m  OK  [0m] Reached target Mounted snaps.
[[0;32m  OK  [0m] Started Journal Service.
[[0;32m  OK  [0m] Mounted POSIX Message Queue File System.
[[0;32m  OK  [0m] Started Uncomplicated firewall.
[[0;32m  OK  [0m] Mounted Huge Pages File System.
[[0;32m  OK  [0m] Started Create list of required sta…vice nodes for the current kernel.
[[0;32m  OK  [0m] Started File System Check on Root Device.
[[0;32m  OK  [0m] Mounted Kernel Debug File System.
[[0;32m  OK  [0m] Started File System Check Daemon to report status.
         Starting Remount Root and Kernel File Systems...
         Starting Create Static Device Nodes in /dev...
[   26.085918] Loading iSCSI transport class v2.0-870.
[[0;32m  OK  [0m] Started udev Coldplug all Devices.
[[0;32m  OK  [0m] Started LVM2 metadata daemon.
[[0;32m  OK  [0m] Started Create Static Device Nodes in /dev.
[   26.202794] iscsi: registered transport (tcp)
[   26.221454] EXT4-fs (sda1): re-mounted. Opts: (null)
[[0;32m  OK  [0m] Started Remount Root and Kernel File Systems.
         Starting Load/Save Random Seed...
         Starting udev Kernel Device Manager...
         Starting Flush Journal to Persistent Storage...
[[0;32m  OK  [0m] Started Monitoring of LVM2 mirrors,…sing dmeventd or progress polling.
[[0;32m  OK  [0m] Started Load/Save Random Seed.
[[0;32m  OK  [0m] Started udev Kernel Device Manager.
[   26.437040] systemd-journald[402]: Received request to flush runtime journal from PID 1
[   26.514307] iscsi: registered transport (iser)
[[0;32m  OK  [0m] Started Flush Journal to Persistent Storage.
[[0;32m  OK  [0m] Started Load Kernel Modules.
         Starting Apply Kernel Variables...
         Mounting FUSE Control File System...
         Mounting Kernel Configuration File System...
[[0;32m  OK  [0m] Mounted FUSE Control File System.
[[0;32m  OK  [0m] Started Apply Kernel Variables.
[[0;32m  OK  [0m] Mounted Kernel Configuration File System.
[[0;32m  OK  [0m] Found device /dev/ttyS0.
[[0;32m  OK  [0m] Listening on Load/Save RF Kill Switch Status /dev/rfkill Watch.
         Mounting Arbitrary Executable File Formats File System...
[[0;32m  OK  [0m] Mounted Arbitrary Executable File Formats File System.
[[0;32m  OK  [0m] Started Set the console keyboard layout.
[[0;32m  OK  [0m] Started Dispatch Password Requests to Console Directory Watch.
[[0;32m  OK  [0m] Reached target Local Encrypted Volumes.
[[0;32m  OK  [0m] Reached target Local File Systems (Pre).
[[0;32m  OK  [0m] Reached target Local File Systems.
         Starting AppArmor initialization...
         Starting Create Volatile Files and Directories...
         Starting Set console font and keymap...
         Starting ebtables ruleset management...
         Starting Commit a transient machine-id on disk...
         Starting Tell Plymouth To Write Out Runtime Data...
[[0;32m  OK  [0m] Started Create Volatile Files and Directories.
         Starting Update UTMP about System Boot/Shutdown...
[[0;32m  OK  [0m] Started Tell Plymouth To Write Out Runtime Data.
[[0;32m  OK  [0m] Started Update UTMP about System Boot/Shutdown.
[[0;32m  OK  [0m] Started Commit a transient machine-id on disk.
[[0;32m  OK  [0m] Started ebtables ruleset management.
[[0;32m  OK  [0m] Started AppArmor initialization.
         Starting Load AppArmor profiles managed internally by snapd...
         Starting Initial cloud-init job (pre-networking)...
[[0;32m  OK  [0m] Started Load AppArmor profiles managed internally by snapd.
[[0;32m  OK  [0m] Started Set console font and keymap.
[   31.891696] cloud-init[749]: Cloud-init v. 23.1.2-0ubuntu0~18.04.1 running 'init-local' at Tue, 06 Jun 2023 02:46:12 +0000. Up 31.19 seconds.
[[0;32m  OK  [0m] Started Initial cloud-init job (pre-networking).
[[0;32m  OK  [0m] Reached target Network (Pre).
         Starting Network Service...
[[0;32m  OK  [0m] Started Network Service.
         Starting Network Name Resolution...
         Starting Wait for Network to be Configured...
[[0;32m  OK  [0m] Started Network Name Resolution.
[[0;32m  OK  [0m] Reached target Host and Network Name Lookups.
[[0;32m  OK  [0m] Reached target Network.
[[0;32m  OK  [0m] Started Wait for Network to be Configured.
         Starting Initial cloud-init job (metadata service crawler)...
[   34.988546] cloud-init[900]: Cloud-init v. 23.1.2-0ubuntu0~18.04.1 running 'init' at Tue, 06 Jun 2023 02:46:15 +0000. Up 34.76 seconds.
[   34.995289] cloud-init[900]: ci-info: ++++++++++++++++++++++++++++++++++++++Net device info++++++++++++++++++++++++++++++++++++++
[   35.001238] cloud-init[900]: ci-info: +--------+------+----------------------------+---------------+--------+-------------------+
[   35.007832] cloud-init[900]: ci-info: | Device |  Up  |          Address           |      Mask     | Scope  |     Hw-Address    |
[   35.017243] cloud-init[900]: ci-info: +--------+------+----------------------------+---------------+--------+-------------------+
[   35.024655] cloud-init[900]: ci-info: | enp0s3 | True |         10.0.2.15          | 255.255.255.0 | global | 02:ce:cf:1b:c9:4b |
[   35.031918] cloud-init[900]: ci-info: | enp0s3 | True | fe80::ce:cfff:fe1b:c94b/64 |       .       |  link  | 02:ce:cf:1b:c9:4b |
[   35.038475] cloud-init[900]: ci-info: |   lo   | True |         127.0.0.1          |   255.0.0.0   |  host  |         .         |
[   35.080865] cloud-init[900]: ci-info: |   lo   | True |          ::1/128           |       .       |  host  |         .         |
[   35.087678] cloud-init[900]: ci-info: +--------+------+----------------------------+---------------+--------+-------------------+
[   35.108853] cloud-init[900]: ci-info: ++++++++++++++++++++++++++++Route IPv4 info+++++++++++++++++++++++++++++
[   35.115216] cloud-init[900]: ci-info: +-------+-------------+----------+-----------------+-----------+-------+
[   35.122724] cloud-init[900]: ci-info: | Route | Destination | Gateway  |     Genmask     | Interface | Flags |
[   35.129360] cloud-init[900]: ci-info: +-------+-------------+----------+-----------------+-----------+-------+
[   35.137132] cloud-init[900]: ci-info: |   0   |   0.0.0.0   | 10.0.2.2 |     0.0.0.0     |   enp0s3  |   UG  |
[   35.145581] cloud-init[900]: ci-info: |   1   |   10.0.2.0  | 0.0.0.0  |  255.255.255.0  |   enp0s3  |   U   |
[   35.154621] cloud-init[900]: ci-info: |   2   |   10.0.2.2  | 0.0.0.0  | 255.255.255.255 |   enp0s3  |   UH  |
[   35.165264] cloud-init[900]: ci-info: +-------+-------------+----------+-----------------+-----------+-------+
[   35.171584] cloud-init[900]: ci-info: +++++++++++++++++++Route IPv6 info+++++++++++++++++++
[   35.177066] cloud-init[900]: ci-info: +-------+-------------+---------+-----------+-------+
[   35.183873] cloud-init[900]: ci-info: | Route | Destination | Gateway | Interface | Flags |
[   35.191503] cloud-init[900]: ci-info: +-------+-------------+---------+-----------+-------+
[   35.197560] cloud-init[900]: ci-info: |   1   |  fe80::/64  |    ::   |   enp0s3  |   U   |
[   35.202992] cloud-init[900]: ci-info: |   3   |    local    |    ::   |   enp0s3  |   U   |
[   35.209529] cloud-init[900]: ci-info: |   4   |   ff00::/8  |    ::   |   enp0s3  |   U   |
[   35.219695] cloud-init[900]: ci-info: +-------+-------------+---------+-----------+-------+
[   37.072615] cloud-init[900]: Generating public/private rsa key pair.
[   37.079312] cloud-init[900]: Your identification has been saved in /etc/ssh/ssh_host_rsa_key.
[   37.087248] cloud-init[900]: Your public key has been saved in /etc/ssh/ssh_host_rsa_key.pub.
[   37.092570] cloud-init[900]: The key fingerprint is:
[   37.095531] cloud-init[900]: SHA256:TxeuaZw2WwyRZu2NmJlOfMHI2m3gQKqbAzecYUu9ZqU root@ubuntu-bionic
[   37.101546] cloud-init[900]: The key's randomart image is:
[   37.104830] cloud-init[900]: +---[RSA 2048]----+
[   37.108579] cloud-init[900]: |        .        |
[   37.111119] cloud-init[900]: |     . o . =     |
[   37.114158] cloud-init[900]: |    + o o O =    |
[   37.117208] cloud-init[900]: |   + = + O @ =   |
[   37.120027] cloud-init[900]: |  . B E S % O .  |
[   37.123319] cloud-init[900]: |   o *   * X     |
[   37.126006] cloud-init[900]: |    +     @ o    |
[   37.128941] cloud-init[900]: |     .   o +     |
[   37.131495] cloud-init[900]: |          .      |
[   37.134261] cloud-init[900]: +----[SHA256]-----+
[   37.136913] cloud-init[900]: Generating public/private dsa key pair.
[   37.141588] cloud-init[900]: Your identification has been saved in /etc/ssh/ssh_host_dsa_key.
[   37.145815] cloud-init[900]: Your public key has been saved in /etc/ssh/ssh_host_dsa_key.pub.
[   37.151325] cloud-init[900]: The key fingerprint is:
[   37.165982] cloud-init[900]: SHA256:YmWtZVZ7H+dVQkQbEjJYoc9KZdkHVPsYfc0cT8qhezk root@ubuntu-bionic
[   37.186064] cloud-init[900]: The key's randomart image is:
[   37.193001] cloud-init[900]: [[0;32m  OK  [0m] Started Initial cloud-init job (metadata service crawler).
[[0;32m  OK  [0m] +---[DSA 1024]----+
[   37.206055] cloud-init[900]: |         o=o**O.o|
[   37.206100] cloud-init[900]: |        .o * * %=|
[   37.206716] cloud-init[900]: |        + O + O.X|
[   37.207370] cloud-init[900]: |       o X   + B=|
[   37.207425] cloud-init[900]: |      o S o . E +|
[   37.207457] cloud-init[900]: |     . o .   . . |
[   37.207488] cloud-init[900]: |        .        |
[   37.208399] cloud-init[900]: |                 |
[   37.208440] cloud-init[900]: |                 |
[   37.209056] cloud-init[900]: +----[SHA256]-----+
[   37.209782] cloud-init[900]: Generating public/private ecdsa key pair.
[   37.210365] cloud-init[900]: Your identification has been saved in /etc/ssh/ssh_host_ecdsa_key.
[   37.210844] cloud-init[900]: Your public key has been saved in /etc/ssh/ssh_host_ecdsa_key.pub.
[   37.211383] cloud-init[900]: The key fingerprint is:
[   37.211962] cloud-init[900]: SHA256:8N0ODKFdXfVzFsDF5CnI1EjM9TCPmHt63zhYCqjvpoY root@ubuntu-bionic
[   37.213192] cloud-init[900]: The key's randomart image is:
[   37.213841] cloud-init[900]: +---[ECDSA 256]---+
[   37.214402] cloud-init[900]: |        . =+=**=.|
[   37.215022] cloud-init[900]: |       o oo+=oB.+|
[   37.215586] cloud-init[900]: |      o o  = o *+|
[   37.216794] cloud-init[900]: |       o + .. ..o|
[   37.217339] cloud-init[900]: |        S.+...   |
[   37.217899] cloud-init[900]: |        . .oo .  |
[   37.218464] cloud-init[900]: |     . .   o.=   |
[   37.219026] cloud-init[900]: |    E o .   + o..|
[   37.219579] cloud-init[900]: |     ..=o     .o.|
[   37.221285] cloud-init[900]: +----[SHA256]-----+
[   37.221889] cloud-init[900]: Generating public/private ed25519 key pair.
[   37.222509] cloud-init[900]: Your identification has been saved in /etc/ssh/ssh_host_ed25519_key.
[   37.223102] cloud-init[900]: Your public key has been saved in /etc/ssh/ssh_host_ed25519_key.pub.
[   37.223665] cloud-init[900]: The key fingerprint is:
[   37.224994] cloud-init[900]: SHA256:spInUEqPfwV6ZsPLg9d+P2DLZaW0HqF+EQ5gEW3J3mg root@ubuntu-bionic
[   37.225573] cloud-init[900]: The key's randomart image is:
[   37.226144] cloud-init[900]: +--[ED25519 256]--+
[   37.226739] cloud-init[900]: |        o= .     |
[   37.227314] cloud-init[900]: |        o =      |
[   37.228328] cloud-init[900]: |  . . .. + o     |
[   37.228757] cloud-init[900]: | . = o .  E = .  |
[   37.229330] cloud-init[900]: |  + o B S. = *   |
[   37.229902] cloud-init[900]: |   o B B  + O    |
[   37.230761] cloud-init[900]: |    * O .+ * o   |
[   37.231336] cloud-init[900]: |     * o  = +    |
[   37.231950] cloud-init[900]: |        .. o..   |
[   37.233170] cloud-init[900]: +----[SHA256]-----+
Reached target System Initialization.
[[0;32m  OK  [0m] Started ACPI Events Check.
[[0;32m  OK  [0m] Started Daily Cleanup of Temporary Directories.
[[0;32m  OK  [0m] Started Discard unused blocks once a week.
[[0;32m  OK  [0m] Started Message of the Day.
[[0;32m  OK  [0m] Listening on ACPID Listen Socket.
[[0;32m  OK  [0m] Listening on UUID daemon activation socket.
[[0;32m  OK  [0m] Started Daily apt download activities.
[[0;32m  OK  [0m] Started Daily apt upgrade and clean activities.
[[0;32m  OK  [0m] Listening on D-Bus System Message Bus Socket.
[[0;32m  OK  [0m] Started Ubuntu Advantage Timer for running repeated jobs.
[[0;32m  OK  [0m] Reached target Timers.
         Starting Socket activation for snappy daemon.
[[0;32m  OK  [0m] Listening on cloud-init hotplug hook socket.
[[0;32m  OK  [0m] Listening on Open-iSCSI iscsid Socket.
[[0;32m  OK  [0m] Reached target Paths.
         Starting LXD - unix socket.
[[0;32m  OK  [0m] Reached target Network is Online.
         Starting Availability of block devices...
[[0;32m  OK  [0m] Reached target Remote File Systems (Pre).
[[0;32m  OK  [0m] Reached target Remote File Systems.
[[0;32m  OK  [0m] Reached target Cloud-config availability.
[[0;32m  OK  [0m] Listening on Socket activation for snappy daemon.
[[0;32m  OK  [0m] Listening on LXD - unix socket.
[[0;32m  OK  [0m] Started Availability of block devices.
[[0;32m  OK  [0m] Reached target Sockets.
[[0;32m  OK  [0m] Reached target Basic System.
         Starting Dispatcher daemon for systemd-networkd...
         Starting Virtualbox guest utils...
         Starting Permit User Sessions...
[[0;32m  OK  [0m] Started Regular background program processing daemon.
         Starting LSB: Record successful boot for GRUB...
         Starting System Logging Service...
         Starting Pollinate to seed the pseudo random number generator...
         Starting LSB: automatic crash report generation...
[[0;32m  OK  [0m] Started Deferred execution scheduler.
[[0;32m  OK  [0m] Started irqbalance daemon.
         Starting Accounts Service...
[[0;32m  OK  [0m] Started FUSE filesystem for LXC.
         Starting LXD - container startup/shutdown...
         Starting Login Service...
         Starting Snap Daemon...
[[0;32m  OK  [0m] Reached target Login Prompts (Pre).
[[0;32m  OK  [0m] Started D-Bus System Message Bus.
[[0;32m  OK  [0m] Started System Logging Service.
[[0;32m  OK  [0m] Started Permit User Sessions.
[[0;32m  OK  [0m] Started Login Service.
[[0;32m  OK  [0m] Started Unattended Upgrades Shutdown.
         Starting Hold until boot process finishes up...
         Starting Terminate Plymouth Boot Screen...
[[0;32m  OK  [0m] Started Hold until boot process finishes up.
[[0;32m  OK  [0m] Started Terminate Plymouth Boot Screen.
         Starting Set console scheme...
[[0;32m  OK  [0m] Started Serial Getty on ttyS0.
[[0;32m  OK  [0m] Started LSB: automatic crash report generation.
         Starting Authorization Manager...
[[0;32m  OK  [0m] Started Set console scheme.
[[0;32m  OK  [0m] Created slice system-getty.slice.
[[0;32m  OK  [0m] Started Getty on tty1.
[[0;32m  OK  [0m] Reached target Login Prompts.
[[0;32m  OK  [0m] Started LSB: Record successful boot for GRUB.
[[0;32m  OK  [0m] Started Authorization Manager.
[[0;32m  OK  [0m] Started Accounts Service.
[[0;32m  OK  [0m] Started Virtualbox guest utils.
[[0;32m  OK  [0m] Started Dispatcher daemon for systemd-networkd.
[[0;32m  OK  [0m] Started LXD - container startup/shutdown.
[[0;32m  OK  [0m] Started Snap Daemon.
         Starting Wait until snapd is fully seeded...
[[0;32m  OK  [0m] Started Pollinate to seed the pseudo random number generator.
         Starting OpenBSD Secure Shell server...
[[0;32m  OK  [0m] Started OpenBSD Secure Shell server.
         Starting Time & Date Service...
[[0;32m  OK  [0m] Started Time & Date Service.
[[0;32m  OK  [0m] Started Wait until snapd is fully seeded.
         Starting Apply the settings specified in cloud-config...
[[0;32m  OK  [0m] Created slice User Slice of vagrant.
         Starting User Manager for UID 1000...
[[0;32m  OK  [0m] Started Session 1 of user vagrant.
[[0;32m  OK  [0m] Started User Manager for UID 1000.
[   43.805623] cloud-init[1395]: Cloud-init v. 23.1.2-0ubuntu0~18.04.1 running 'modules:config' at Tue, 06 Jun 2023 02:46:22 +0000. Up 41.96 seconds.

Ubuntu 18.04.6 LTS ubuntu-bionic ttyS0

ubuntu-bionic login: ci-info: no authorized SSH keys fingerprints found for user ubuntu.
<14>Jun  6 02:46:25 cloud-init: #############################################################
<14>Jun  6 02:46:25 cloud-init: -----BEGIN SSH HOST KEY FINGERPRINTS-----
<14>Jun  6 02:46:26 cloud-init: 1024 SHA256:YmWtZVZ7H+dVQkQbEjJYoc9KZdkHVPsYfc0cT8qhezk root@ubuntu-bionic (DSA)
<14>Jun  6 02:46:26 cloud-init: 256 SHA256:8N0ODKFdXfVzFsDF5CnI1EjM9TCPmHt63zhYCqjvpoY root@ubuntu-bionic (ECDSA)
<14>Jun  6 02:46:26 cloud-init: 256 SHA256:spInUEqPfwV6ZsPLg9d+P2DLZaW0HqF+EQ5gEW3J3mg root@ubuntu-bionic (ED25519)
<14>Jun  6 02:46:26 cloud-init: 2048 SHA256:TxeuaZw2WwyRZu2NmJlOfMHI2m3gQKqbAzecYUu9ZqU root@ubuntu-bionic (RSA)
<14>Jun  6 02:46:26 cloud-init: -----END SSH HOST KEY FINGERPRINTS-----
<14>Jun  6 02:46:26 cloud-init: #############################################################
-----BEGIN SSH HOST KEY KEYS-----
ecdsa-sha2-nistp256 AAAAE2VjZHNhLXNoYTItbmlzdHAyNTYAAAAIbmlzdHAyNTYAAABBBPcRE+SYuC6HpCMIVorZwu/Dk043fuMiG1wAjlzTexn0U+01yGvW5F1tUQRKw2AghA4XUJSzObnacbwu4K1cM2o= root@ubuntu-bionic
ssh-ed25519 AAAAC3NzaC1lZDI1NTE5AAAAICh+1raptWPCA5HNaBh5UDBgpV9cEO9cBLAucRIRcyIq root@ubuntu-bionic
ssh-rsa AAAAB3NzaC1yc2EAAAADAQABAAABAQC3rJhyI5sQBQkmlvCoumS3FDXohd/5oX9YKrNeH+F46ak8pwsfXT775Dw6Z/c+W7Uxu6hW75Oo/njByFQ25CVG8y1G/GZRz6+SWj/DBwH4yg5ohzZwR1TXAlNDY0ZU6m6qWDS8TKgfpzTjBu9bjw8CKXnDPf4fxQzTXay+/2CXLi48wzlbeZEQwxDXZMJp6LEdn7cyBD0ccqmK75c/++e9hx2+Y8wvQIE1v9Ok/N0gVd7eQMfX7V9tmGvFFk2t2HvIK1LPenrkD2FcHPkqtdgHpBY7eIr/peS1UvNaIv7wGIVuFbaQWSoR9pSZ9wPcoUHyJr7YlXiffdRBA3N0IhLV root@ubuntu-bionic
-----END SSH HOST KEY KEYS-----
[   45.156484] cloud-init[1512]: Cloud-init v. 23.1.2-0ubuntu0~18.04.1 running 'modules:final' at Tue, 06 Jun 2023 02:46:25 +0000. Up 44.66 seconds.
[   45.156951] cloud-init[1512]: Cloud-init v. 23.1.2-0ubuntu0~18.04.1 finished at Tue, 06 Jun 2023 02:46:26 +0000. Datasource DataSourceNoCloud [seed=/dev/sdb][dsmode=net].  Up 45.13 seconds
